<?xml version="1.0" encoding="UTF-8"?>
<!-- Generated by org.testng.reporters.JUnitXMLReporter -->
<testsuite hostname="TYSS-4F-048" name="Test" tests="1" failures="1" timestamp="22 Jun 2018 06:33:38 GMT" time="51.631" errors="0">
  <testcase name="captureScreenshot" time="46.615" classname="com.scripts.CapturingScreenshot">
    <failure type="java.lang.AssertionError" message="expected [Home-Selenium Webdriver Appium Complete Tutorial] but found [Home - Automation Test]">
      <![CDATA[java.lang.AssertionError: expected [Home-Selenium Webdriver Appium Complete Tutorial] but found [Home - Automation Test]
	at com.scripts.CapturingScreenshot.captureScreenshot(CapturingScreenshot.java:37)
... Removed 30 stack frames]]>
    </failure>
  </testcase> <!-- captureScreenshot -->
</testsuite> <!-- Test -->
